Arguments: 
  /usr/bin/node /usr/share/yarn/bin/yarn.js build

PATH: 
  /home/zelda/bin:/home/zelda/.local/bin:/usr/local/sbin:/usr/local/bin:/usr/sbin:/usr/bin:/sbin:/bin:/usr/games:/usr/local/games:/snap/bin

Yarn version: 
  1.3.2

Node version: 
  9.8.0

Platform: 
  linux x64

npm manifest: 
  {
      "devDependencies": {
          "rollup": "^0.56.3",
          "rollup-plugin-uglify": "^3.0.0"
      },
      "dependencies": {
          "typescript": "^2.7.2"
      },
      "name": "doxjs",
      "version": "3.3.0",
      "description": "a very simple state management library",
      "main": "dist/index.bundle.common.js",
      "types": "src/index.ts",
      "typings": "src/index.ts",
      "module": "dist/index.bundle.esm.js",
      "repository": "https://github.com/doxjs/doxjs",
      "license": "MIT",
      "homepage": "https://github.com/doxjs/doxjs",
      "keywords": [
          "state management",
          "for react",
          "for vue",
          "easy"
      ],
      "author": {
          "name": "Double Dimos",
          "email": "msdoubledimos@gmail.com"
      },
      "scripts": {
          "build:common": "rollup -c ./config/rollup.config.common.js",
          "build:esm": "rollup -c ./config/rollup.config.esm.js",
          "build:production": "rollup -c ./config/rollup.config.production.js",
          "build": "nodejs ./run.js",
      }
  }

yarn manifest: 
  No manifest

Lockfile: 
  # THIS IS AN AUTOGENERATED FILE. DO NOT EDIT THIS FILE DIRECTLY.
  # yarn lockfile v1
  
  
  commander@~2.13.0:
    version "2.13.0"
    resolved "https://registry.yarnpkg.com/commander/-/commander-2.13.0.tgz#6964bca67685df7c1f1430c584f07d7597885b9c"
  
  rollup-plugin-uglify@^3.0.0:
    version "3.0.0"
    resolved "https://registry.yarnpkg.com/rollup-plugin-uglify/-/rollup-plugin-uglify-3.0.0.tgz#a34eca24617709c6bf1778e9653baafa06099b86"
    dependencies:
      uglify-es "^3.3.7"
  
  rollup@^0.56.3:
    version "0.56.3"
    resolved "https://registry.yarnpkg.com/rollup/-/rollup-0.56.3.tgz#7900695531afa1badd3235f285cc4aa0d49ce254"
  
  source-map@~0.6.1:
    version "0.6.1"
    resolved "https://registry.yarnpkg.com/source-map/-/source-map-0.6.1.tgz#74722af32e9614e9c287a8d0bbde48b5e2f1a263"
  
  typescript@^2.7.2:
    version "2.7.2"
    resolved "https://registry.yarnpkg.com/typescript/-/typescript-2.7.2.tgz#2d615a1ef4aee4f574425cdff7026edf81919836"
  
  uglify-es@^3.3.7:
    version "3.3.9"
    resolved "https://registry.yarnpkg.com/uglify-es/-/uglify-es-3.3.9.tgz#0c1c4f0700bed8dbc124cdb304d2592ca203e677"
    dependencies:
      commander "~2.13.0"
      source-map "~0.6.1"

Trace: 
  SyntaxError: /home/zelda/桌面/workspace/doxjs/package.json: Unexpected token } in JSON at position 1014
      at JSON.parse (<anonymous>)
      at /usr/share/yarn/lib/cli.js:770:59
      at Generator.next (<anonymous>)
      at step (/usr/share/yarn/lib/cli.js:92:30)
      at /usr/share/yarn/lib/cli.js:103:13
      at <anonymous>
